<?xml version="1.0" encoding="UTF-8"?>
<testsuite xmlns:xsi="http://www.w3.org/2001/XMLSchema-instance" xsi:noNamespaceSchemaLocation="https://maven.apache.org/surefire/maven-surefire-plugin/xsd/surefire-test-report.xsd" name="com.sudoG41.app.AppTest" time="0.234" tests="1" errors="0" skipped="0" failures="0">
  <properties>
    <property name="java.specification.version" value="14"/>
    <property name="sun.management.compiler" value="HotSpot 64-Bit Tiered Compilers"/>
    <property name="sun.jnu.encoding" value="UTF-8"/>
    <property name="java.runtime.version" value="14.0.2+12-Ubuntu-118.04"/>
    <property name="java.class.path" value="/home/suttjang/code_U/Java/github-overview-data/Github_users_data/target/test-classes:/home/suttjang/code_U/Java/github-overview-data/Github_users_data/target/classes:/home/suttjang/.m2/repository/junit/junit/4.11/junit-4.11.jar:/home/suttjang/.m2/repository/org/hamcrest/hamcrest-core/1.3/hamcrest-core-1.3.jar:"/>
    <property name="user.name" value="suttjang"/>
    <property name="java.vm.vendor" value="Private Build"/>
    <property name="path.separator" value=":"/>
    <property name="sun.arch.data.model" value="64"/>
    <property name="os.version" value="4.4.0-19041-Microsoft"/>
    <property name="java.runtime.name" value="OpenJDK Runtime Environment"/>
    <property name="file.encoding" value="UTF-8"/>
    <property name="java.vendor.url" value="Unknown"/>
    <property name="java.vm.name" value="OpenJDK 64-Bit Server VM"/>
    <property name="java.vm.specification.version" value="14"/>
    <property name="os.name" value="Linux"/>
    <property name="sun.java.launcher" value="SUN_STANDARD"/>
    <property name="localRepository" value="/home/suttjang/.m2/repository"/>
    <property name="sun.boot.library.path" value="/usr/lib/jvm/java-14-openjdk-amd64/lib"/>
    <property name="sun.java.command" value="/home/suttjang/code_U/Java/github-overview-data/Github_users_data/target/surefire/surefirebooter14493084307434835747.jar /home/suttjang/code_U/Java/github-overview-data/Github_users_data/target/surefire 2020-12-27T11-11-53_152-jvmRun1 surefire1054007872705885388tmp surefire_018245070533461811345tmp"/>
    <property name="java.vendor.url.bug" value="Unknown"/>
    <property name="java.io.tmpdir" value="/tmp"/>
    <property name="jdk.debug" value="release"/>
    <property name="surefire.test.class.path" value="/home/suttjang/code_U/Java/github-overview-data/Github_users_data/target/test-classes:/home/suttjang/code_U/Java/github-overview-data/Github_users_data/target/classes:/home/suttjang/.m2/repository/junit/junit/4.11/junit-4.11.jar:/home/suttjang/.m2/repository/org/hamcrest/hamcrest-core/1.3/hamcrest-core-1.3.jar:"/>
    <property name="sun.cpu.endian" value="little"/>
    <property name="java.version" value="14.0.2"/>
    <property name="user.home" value="/home/suttjang"/>
    <property name="user.dir" value="/home/suttjang/code_U/Java/github-overview-data/Github_users_data"/>
    <property name="os.arch" value="amd64"/>
    <property name="user.language" value="en"/>
    <property name="java.specification.vendor" value="Oracle Corporation"/>
    <property name="java.vm.specification.name" value="Java Virtual Machine Specification"/>
    <property name="java.version.date" value="2020-07-14"/>
    <property name="java.home" value="/usr/lib/jvm/java-14-openjdk-amd64"/>
    <property name="file.separator" value="/"/>
    <property name="basedir" value="/home/suttjang/code_U/Java/github-overview-data/Github_users_data"/>
    <property name="java.vm.compressedOopsMode" value="32-bit"/>
    <property name="line.separator" value="&#10;"/>
    <property name="java.library.path" value="/usr/java/packages/lib:/usr/lib/x86_64-linux-gnu/jni:/lib/x86_64-linux-gnu:/usr/lib/x86_64-linux-gnu:/usr/lib/jni:/lib:/usr/lib"/>
    <property name="java.vm.info" value="mixed mode, sharing"/>
    <property name="java.vm.specification.vendor" value="Oracle Corporation"/>
    <property name="java.specification.name" value="Java Platform API Specification"/>
    <property name="java.vendor" value="Private Build"/>
    <property name="java.vm.version" value="14.0.2+12-Ubuntu-118.04"/>
    <property name="sun.io.unicode.encoding" value="UnicodeLittle"/>
    <property name="java.class.version" value="58.0"/>
    <property name="surefire.real.class.path" value="/home/suttjang/code_U/Java/github-overview-data/Github_users_data/target/surefire/surefirebooter14493084307434835747.jar"/>
  </properties>
  <testcase name="shouldAnswerWithTrue" classname="com.sudoG41.app.AppTest" time="0.005"/>
</testsuite>